<?xml version='1.0' encoding='UTF-8'?>
<testsuite hostname="s4n-ThinkPad-E470" name="co.com.s4n.training.java.vavr.FutureSuite" tests="29" errors="0" failures="1" skipped="0" time="3.222">
                     <properties>
[...]
</properties>
                     <testcase classname="co.com.s4n.training.java.vavr.FutureSuite" name="testFuturePatternMatchingError" time="0.071">
                                                 <failure message="Failure - The future should be a success expected:&lt;[Failure]!&gt; but was:&lt;[Success]!&gt;" type="junit.framework.ComparisonFailure">junit.framework.ComparisonFailure: Failure - The future should be a success expected:&lt;[Failure]!&gt; but was:&lt;[Success]!&gt;
	at junit.framework.Assert.assertEquals(Assert.java:100)
	at junit.framework.TestCase.assertEquals(TestCase.java:261)
	at co.com.s4n.training.java.vavr.FutureSuite.testFuturePatternMatchingError(FutureSuite.java:433)
	at sun.reflect.NativeMethodAccessorImpl.invoke0(Native Method)
	at sun.reflect.NativeMethodAccessorImpl.invoke(NativeMethodAccessorImpl.java:62)
	at sun.reflect.DelegatingMethodAccessorImpl.invoke(DelegatingMethodAccessorImpl.java:43)
	at java.lang.reflect.Method.invoke(Method.java:498)
	at org.junit.runners.model.FrameworkMethod$1.runReflectiveCall(FrameworkMethod.java:50)
	at org.junit.internal.runners.model.ReflectiveCallable.run(ReflectiveCallable.java:12)
	at org.junit.runners.model.FrameworkMethod.invokeExplosively(FrameworkMethod.java:47)
	at org.junit.internal.runners.statements.InvokeMethod.evaluate(InvokeMethod.java:17)
	at org.junit.runners.ParentRunner.runLeaf(ParentRunner.java:325)
	at org.junit.runners.BlockJUnit4ClassRunner.runChild(BlockJUnit4ClassRunner.java:78)
	at org.junit.runners.BlockJUnit4ClassRunner.runChild(BlockJUnit4ClassRunner.java:57)
	at org.junit.runners.ParentRunner$3.run(ParentRunner.java:290)
	at org.junit.runners.ParentRunner$1.schedule(ParentRunner.java:71)
	at org.junit.runners.ParentRunner.runChildren(ParentRunner.java:288)
	at org.junit.runners.ParentRunner.access$000(ParentRunner.java:58)
	at org.junit.runners.ParentRunner$2.evaluate(ParentRunner.java:268)
	at org.junit.runners.ParentRunner.run(ParentRunner.java:363)
	at org.junit.runners.Suite.runChild(Suite.java:128)
	at org.junit.runners.Suite.runChild(Suite.java:27)
	at org.junit.runners.ParentRunner$3.run(ParentRunner.java:290)
	at org.junit.runners.ParentRunner$1.schedule(ParentRunner.java:71)
	at org.junit.runners.ParentRunner.runChildren(ParentRunner.java:288)
	at org.junit.runners.ParentRunner.access$000(ParentRunner.java:58)
	at org.junit.runners.ParentRunner$2.evaluate(ParentRunner.java:268)
	at org.junit.runners.ParentRunner.run(ParentRunner.java:363)
	at org.junit.runner.JUnitCore.run(JUnitCore.java:137)
	at org.junit.runner.JUnitCore.run(JUnitCore.java:115)
	at com.novocode.junit.JUnitRunner$1.execute(JUnitRunner.java:132)
	at sbt.TestRunner.runTest$1(TestFramework.scala:106)
	at sbt.TestRunner.run(TestFramework.scala:117)
	at sbt.TestFramework$$anon$2$$anonfun$$lessinit$greater$1.$anonfun$apply$1(TestFramework.scala:262)
	at sbt.TestFramework$.sbt$TestFramework$$withContextLoader(TestFramework.scala:233)
	at sbt.TestFramework$$anon$2$$anonfun$$lessinit$greater$1.apply(TestFramework.scala:262)
	at sbt.TestFramework$$anon$2$$anonfun$$lessinit$greater$1.apply(TestFramework.scala:262)
	at sbt.TestFunction.apply(TestFramework.scala:271)
	at sbt.Tests$.$anonfun$toTask$1(Tests.scala:281)
	at sbt.std.Transform$$anon$3.$anonfun$apply$2(System.scala:46)
	at sbt.std.Transform$$anon$4.work(System.scala:66)
	at sbt.Execute.$anonfun$submit$2(Execute.scala:263)
	at sbt.internal.util.ErrorHandling$.wideConvert(ErrorHandling.scala:16)
	at sbt.Execute.work(Execute.scala:272)
	at sbt.Execute.$anonfun$submit$1(Execute.scala:263)
	at sbt.ConcurrentRestrictions$$anon$4.$anonfun$submitValid$1(ConcurrentRestrictions.scala:174)
	at sbt.CompletionService$$anon$2.call(CompletionService.scala:37)
	at java.util.concurrent.FutureTask.run(FutureTask.java:266)
	at java.util.concurrent.Executors$RunnableAdapter.call(Executors.java:511)
	at java.util.concurrent.FutureTask.run(FutureTask.java:266)
	at java.util.concurrent.ThreadPoolExecutor.runWorker(ThreadPoolExecutor.java:1149)
	at java.util.concurrent.ThreadPoolExecutor$Worker.run(ThreadPoolExecutor.java:624)
	at java.lang.Thread.run(Thread.java:748)
</failure>
                                               </testcase><testcase classname="co.com.s4n.training.java.vavr.FutureSuite" name="testFutureToFind" time="0.084">
                                                 
                                               </testcase><testcase classname="co.com.s4n.training.java.vavr.FutureSuite" name="testFutureFirstCompleteOf" time="1.019">
                                                 
                                               </testcase><testcase classname="co.com.s4n.training.java.vavr.FutureSuite" name="testFailureFallBackToFailure" time="1.001">
                                                 
                                               </testcase><testcase classname="co.com.s4n.training.java.vavr.FutureSuite" name="testCancelAfterComplete" time="0.001">
                                                 
                                               </testcase><testcase classname="co.com.s4n.training.java.vavr.FutureSuite" name="testFutureWithSequence" time="0.012">
                                                 
                                               </testcase><testcase classname="co.com.s4n.training.java.vavr.FutureSuite" name="testTriggersReturn" time="0.003">
                                                 
                                               </testcase><testcase classname="co.com.s4n.training.java.vavr.FutureSuite" name="testFutureToMap" time="0.003">
                                                 
                                               </testcase><testcase classname="co.com.s4n.training.java.vavr.FutureSuite" name="testCancelFuture" time="0.006">
                                                 
                                               </testcase><testcase classname="co.com.s4n.training.java.vavr.FutureSuite" name="testFromMethodRef" time="0.003">
                                                 
                                               </testcase><testcase classname="co.com.s4n.training.java.vavr.FutureSuite" name="testFutureRecover" time="1.002">
                                                 
                                               </testcase><testcase classname="co.com.s4n.training.java.vavr.FutureSuite" name="testFromFailedTry" time="0.001">
                                                 
                                               </testcase><testcase classname="co.com.s4n.training.java.vavr.FutureSuite" name="testFromJavaFuture" time="0.001">
                                                 
                                               </testcase><testcase classname="co.com.s4n.training.java.vavr.FutureSuite" name="testFoldOperation" time="0.002">
                                                 
                                               </testcase><testcase classname="co.com.s4n.training.java.vavr.FutureSuite" name="testSuccessFallBackTo" time="0.001">
                                                 
                                               </testcase><testcase classname="co.com.s4n.training.java.vavr.FutureSuite" name="testFuturePatternMatchingSuccess" time="0.0">
                                                 
                                               </testcase><testcase classname="co.com.s4n.training.java.vavr.FutureSuite" name="testFutureWithError" time="0.001">
                                                 
                                               </testcase><testcase classname="co.com.s4n.training.java.vavr.FutureSuite" name="testFromSuccessTry" time="0.001">
                                                 
                                               </testcase><testcase classname="co.com.s4n.training.java.vavr.FutureSuite" name="testFailureFallBackTo" time="0.001">
                                                 
                                               </testcase><testcase classname="co.com.s4n.training.java.vavr.FutureSuite" name="testFutureToOnFails" time="0.001">
                                                 
                                               </testcase><testcase classname="co.com.s4n.training.java.vavr.FutureSuite" name="testOnSuccess" time="0.001">
                                                 
                                               </testcase><testcase classname="co.com.s4n.training.java.vavr.FutureSuite" name="testOnCompleteSuccess" time="0.001">
                                                 
                                               </testcase><testcase classname="co.com.s4n.training.java.vavr.FutureSuite" name="testFutureToForEach" time="0.001">
                                                 
                                               </testcase><testcase classname="co.com.s4n.training.java.vavr.FutureSuite" name="testComunicateFuturesWithPromise" time="0.0">
                                                 
                                               </testcase><testcase classname="co.com.s4n.training.java.vavr.FutureSuite" name="testFutureFromPromise" time="0.0">
                                                 
                                               </testcase><testcase classname="co.com.s4n.training.java.vavr.FutureSuite" name="testFromLambda" time="0.001">
                                                 
                                               </testcase><testcase classname="co.com.s4n.training.java.vavr.FutureSuite" name="testFilter" time="0.001">
                                                 
                                               </testcase><testcase classname="co.com.s4n.training.java.vavr.FutureSuite" name="testFutureToTransform" time="0.001">
                                                 
                                               </testcase><testcase classname="co.com.s4n.training.java.vavr.FutureSuite" name="testFutureRecoverWith" time="0.002">
                                                 
                                               </testcase>
                     <system-out><![CDATA[]]></system-out>
                     <system-err><![CDATA[]]></system-err>
                   </testsuite>